<?xml version="1.0" encoding="UTF-8"?>
<robot generator="Robot 4.1.2 (Python 3.10.0 on win32)" generated="20220124 19:56:54.208" rpa="false" schemaversion="2">
<suite id="s1" name="Integerbigger" source="C:\library\integer_bigger\Tests\integerbigger.robot">
<test id="s1-t1" name="Minimal task">
<kw name="Integer Bigger" library="integerbigger">
<var>${txt}</var>
<arg>2</arg>
<arg>1</arg>
<msg timestamp="20220124 19:56:54.242" level="INFO">${txt} = True</msg>
<status status="PASS" starttime="20220124 19:56:54.241" endtime="20220124 19:56:54.242"/>
</kw>
<kw name="Log To Console" library="BuiltIn">
<arg>${txt}</arg>
<doc>Logs the given message to the console.</doc>
<status status="PASS" starttime="20220124 19:56:54.242" endtime="20220124 19:56:54.243"/>
</kw>
<status status="PASS" starttime="20220124 19:56:54.240" endtime="20220124 19:56:54.243"/>
</test>
<doc>A simple example of using a library.</doc>
<status status="PASS" starttime="20220124 19:56:54.210" endtime="20220124 19:56:54.245"/>
</suite>
<statistics>
<total>
<stat pass="1" fail="0" skip="0">All Tests</stat>
</total>
<tag>
</tag>
<suite>
<stat pass="1" fail="0" skip="0" id="s1" name="Integerbigger">Integerbigger</stat>
</suite>
</statistics>
<errors>
</errors>
</robot>
